[MASTER] 14:17:17.415 [pool-2-thread-1] WARN  TestFactory - Bounded variable issue when calling createVariable()
[MASTER] 14:17:17.416 [pool-2-thread-1] WARN  TestChromosome - Functional mock problem: org.evosuite.ga.ConstructionFailedException: No objects and generators for type class com.d365lab.eatery.restaurantcustomerorchestrator.services.impl.RestaurantOnboardingServiceImpl
[MASTER] 14:17:32.201 [pool-2-thread-1] WARN  TestChromosome - Functional mock problem: org.evosuite.ga.ConstructionFailedException: Failed to add constructor for java.util.Vector due to org.evosuite.ga.ConstructionFailedException: No objects and generators for type class com.d365lab.eatery.restaurantcustomerorchestrator.services.impl.RestaurantOnboardingServiceImpl
[MASTER] 14:17:49.821 [pool-2-thread-1] WARN  TestChromosome - Functional mock problem: org.evosuite.ga.ConstructionFailedException: Failed to add constructor for java.util.LinkedList due to org.evosuite.ga.ConstructionFailedException: No objects and generators for type class com.d365lab.eatery.restaurantcustomerorchestrator.services.impl.RestaurantOnboardingServiceImpl
