[MASTER] 14:21:30.583 [pool-2-thread-1] WARN  TestFactory - Bounded variable issue when calling createVariable()
[MASTER] 14:21:30.585 [pool-2-thread-1] WARN  TestChromosome - Functional mock problem: org.evosuite.ga.ConstructionFailedException: No objects and generators for type class com.d365lab.eatery.restaurantcustomerorchestrator.services.impl.RestaurantOrderServiceImpl
[MASTER] 14:21:31.263 [pool-2-thread-1] WARN  TestChromosome - Functional mock problem: org.evosuite.ga.ConstructionFailedException: Failed to add constructor for com.d365lab.eatery.restaurantcustomerorchestrator.dao.RestaurantCodOrder due to org.evosuite.ga.ConstructionFailedException: Have no generator for class com.d365lab.eatery.restaurantcustomerorchestrator.model.RestaurantOrderInputPayload canUseFunctionalMocks=false, canBeMocked: true
[MASTER] 14:21:32.421 [pool-2-thread-1] WARN  TestChromosome - Functional mock problem: org.evosuite.ga.ConstructionFailedException: Failed to add constructor for com.d365lab.eatery.restaurantcustomerorchestrator.dao.RestaurantOrder due to org.evosuite.ga.ConstructionFailedException: Have no generator for class com.d365lab.eatery.restaurantcustomerorchestrator.model.RestaurantOrderInputPayload canUseFunctionalMocks=false, canBeMocked: true
[MASTER] 14:21:33.197 [pool-2-thread-1] WARN  TestChromosome - Functional mock problem: org.evosuite.ga.ConstructionFailedException: Failed to add constructor for com.d365lab.eatery.restaurantcustomerorchestrator.dao.RestaurantOrder due to org.evosuite.ga.ConstructionFailedException: No objects and generators for type class com.d365lab.eatery.restaurantcustomerorchestrator.services.impl.RestaurantOrderServiceImpl
[MASTER] 14:21:34.691 [pool-2-thread-1] WARN  TestChromosome - Functional mock problem: org.evosuite.ga.ConstructionFailedException: Failed to add constructor for com.d365lab.eatery.restaurantcustomerorchestrator.dao.RestaurantCodOrder due to org.evosuite.ga.ConstructionFailedException: No objects and generators for type class com.d365lab.eatery.restaurantcustomerorchestrator.services.impl.RestaurantOrderServiceImpl
[MASTER] 14:21:36.609 [pool-2-thread-1] WARN  TestChromosome - Functional mock problem: org.evosuite.ga.ConstructionFailedException: Failed to add constructor for java.util.LinkedList due to org.evosuite.ga.ConstructionFailedException: No objects and generators for type class com.d365lab.eatery.restaurantcustomerorchestrator.services.impl.RestaurantOrderServiceImpl
[MASTER] 14:21:38.414 [pool-2-thread-1] WARN  TestChromosome - Functional mock problem: org.evosuite.ga.ConstructionFailedException: Have no generator for class com.d365lab.eatery.restaurantcustomerorchestrator.model.RestaurantOrderInputPayload canUseFunctionalMocks=false, canBeMocked: true
[MASTER] 14:21:41.127 [pool-2-thread-1] WARN  TestChromosome - Functional mock problem: org.evosuite.ga.ConstructionFailedException: Failed to add constructor for com.d365lab.eatery.restaurantcustomerorchestrator.dao.RestaurantCodOrder due to org.evosuite.ga.ConstructionFailedException: Max recursion depth reached
[MASTER] 14:21:48.572 [pool-2-thread-1] WARN  TestChromosome - Functional mock problem: org.evosuite.ga.ConstructionFailedException: Failed to add constructor for com.d365lab.eatery.restaurantcustomerorchestrator.dao.RestaurantOrder due to org.evosuite.ga.ConstructionFailedException: Max recursion depth reached
